<?xml version="1.0" encoding="UTF-8" ?>
<testsuite tests="6" failures="0" name="com.JTChen.TypeOfData.MyQueueTest" time="0.003" errors="0" skipped="0">
  <properties>
[...]
</properties>
  <testcase classname="com.JTChen.TypeOfData.MyQueueTest" name="enqueue" time="0.001"/>
  <testcase classname="com.JTChen.TypeOfData.MyQueueTest" name="peek" time="0"/>
  <testcase classname="com.JTChen.TypeOfData.MyQueueTest" name="size" time="0"/>
  <testcase classname="com.JTChen.TypeOfData.MyQueueTest" name="iterator" time="0.001"/>
  <testcase classname="com.JTChen.TypeOfData.MyQueueTest" name="dequeue" time="0"/>
  <testcase classname="com.JTChen.TypeOfData.MyQueueTest" name="isEmpty" time="0.001"/>
</testsuite>